17:39:30.712 [main] INFO  TestCases.TC001_beCognizant - displayed tsStatusOverdue
17:39:40.045 [main] INFO  TestCases.TC001_beCognizant - displayed tsStatusPartiallyApproved
17:39:49.377 [main] INFO  TestCases.TC001_beCognizant - displayed tsStatusPending 
17:39:58.669 [main] INFO  TestCases.TC001_beCognizant - displayed tsStatusSaved
17:40:07.976 [main] INFO  TestCases.TC001_beCognizant - displayed tsStatusSentBackforRevision
17:40:17.323 [main] INFO  TestCases.TC001_beCognizant - displayed tsStatusSubmittedforApproval
17:40:17.434 [main] INFO  TestCases.TC001_beCognizant - ***** closing the browser *****
17:40:18.563 [main] INFO  TestBase.baseClass - closing the browser
17:41:05.140 [main] INFO  TestCases.TC001_beCognizant - ***** starting TC001_beCognizant *****
17:41:05.357 [main] INFO  TestCases.TC001_beCognizant - clicked on profile
17:41:06.365 [main] INFO  TestCases.TC001_beCognizant - verified the account
17:41:25.984 [main] INFO  TestCases.TC001_beCognizant - opening the OneCognizant
17:41:46.019 [main] INFO  TestCases.TC001_beCognizant - handled the OneCognizant window
17:41:46.255 [main] INFO  TestCases.TC001_beCognizant - Navigated to OneCognizant
17:41:50.256 [main] INFO  TestCases.TC001_beCognizant - opened on Edge.....
17:41:50.256 [main] INFO  TestCases.TC001_beCognizant - clicked on search Icon
17:41:52.415 [main] INFO  TestCases.TC001_beCognizant - input timesheet in search bar
17:42:02.720 [main] INFO  TestCases.TC001_beCognizant - handled the timesheet window
17:42:02.721 [main] INFO  TestCases.TC001_beCognizant - Navigated to timesheet
17:42:17.906 [main] INFO  TestCases.TC001_beCognizant - validating the header
17:42:20.117 [main] INFO  TestCases.TC001_beCognizant - three weeks of timesheet
17:42:25.594 [main] INFO  TestCases.TC001_beCognizant - Displayed current week
17:42:46.384 [main] INFO  TestCases.TC001_beCognizant - displayed  tsStatusApproved
17:42:55.737 [main] INFO  TestCases.TC001_beCognizant - displayed tsStatusOverdue
17:43:05.063 [main] INFO  TestCases.TC001_beCognizant - displayed tsStatusPartiallyApproved
17:43:14.395 [main] INFO  TestCases.TC001_beCognizant - displayed tsStatusPending 
17:43:23.727 [main] INFO  TestCases.TC001_beCognizant - displayed tsStatusSaved
17:43:33.072 [main] INFO  TestCases.TC001_beCognizant - displayed tsStatusSentBackforRevision
17:43:42.398 [main] INFO  TestCases.TC001_beCognizant - displayed tsStatusSubmittedforApproval
17:43:42.518 [main] INFO  TestCases.TC001_beCognizant - ***** closing the browser *****
17:43:43.626 [main] INFO  TestBase.baseClass - closing the browser
14:15:53.235 [main] INFO  TestCases.TC001_beCognizant - ***** starting TC001_beCognizant *****
14:15:53.594 [main] INFO  TestCases.TC001_beCognizant - clicked on profile
14:15:54.600 [main] INFO  TestCases.TC001_beCognizant - verified the account
14:15:55.336 [main] INFO  TestCases.TC001_beCognizant - ***** starting TC001_beCognizant *****
14:15:55.729 [main] INFO  TestCases.TC001_beCognizant - clicked on profile
14:15:56.745 [main] INFO  TestCases.TC001_beCognizant - verified the account
14:15:58.217 [main] INFO  TestCases.TC001_beCognizant - Navigated to OneCognizant
14:16:02.231 [main] INFO  TestCases.TC001_beCognizant - opened on Chrome.....
14:16:02.231 [main] INFO  TestCases.TC001_beCognizant - clicked on search Icon
14:16:10.968 [main] INFO  TestCases.TC001_beCognizant - Navigated to timesheet
14:16:17.918 [main] INFO  TestBase.baseClass - closing the browser
14:16:18.925 [main] INFO  TestCases.TC001_beCognizant - opening the OneCognizant
14:16:39.004 [main] INFO  TestCases.TC001_beCognizant - handled the OneCognizant window
14:16:39.664 [main] INFO  TestCases.TC001_beCognizant - Navigated to OneCognizant
14:16:43.673 [main] INFO  TestCases.TC001_beCognizant - opened on Chrome.....
14:16:43.674 [main] INFO  TestCases.TC001_beCognizant - clicked on search Icon
14:16:47.892 [main] INFO  TestCases.TC001_beCognizant - input timesheet in search bar
14:16:58.566 [main] INFO  TestCases.TC001_beCognizant - handled the timesheet window
14:16:58.571 [main] INFO  TestCases.TC001_beCognizant - Navigated to timesheet
14:16:58.898 [main] INFO  TestCases.TC001_beCognizant - validating the header
14:17:01.529 [main] INFO  TestCases.TC001_beCognizant - three weeks of timesheet
14:17:06.526 [main] INFO  TestCases.TC001_beCognizant - ***** starting TC001_beCognizant *****
14:17:06.954 [main] INFO  TestCases.TC001_beCognizant - clicked on profile
14:17:07.961 [main] INFO  TestCases.TC001_beCognizant - verified the account
14:17:08.060 [main] INFO  TestCases.TC001_beCognizant - Displayed current week
14:17:31.799 [main] INFO  TestCases.TC001_beCognizant - Navigated to OneCognizant
14:17:33.402 [main] INFO  TestCases.TC001_beCognizant - displayed  tsStatusApproved
14:17:35.811 [main] INFO  TestCases.TC001_beCognizant - opened on Edge.....
14:17:35.811 [main] INFO  TestCases.TC001_beCognizant - clicked on search Icon
14:17:41.526 [main] INFO  TestCases.TC001_beCognizant - Navigated to timesheet
14:17:43.381 [main] INFO  TestCases.TC001_beCognizant - displayed tsStatusOverdue
14:17:48.421 [main] INFO  TestBase.baseClass - closing the browser
14:18:38.686 [main] INFO  TestCases.TC001_beCognizant - displayed tsStatusPartiallyApproved
14:18:50.326 [main] INFO  TestCases.TC001_beCognizant - displayed tsStatusPending 
14:19:06.210 [main] INFO  TestBase.baseClass - closing the browser
